Analysis & Elaboration report for alu
Tue Sep 12 00:39:59 2023
Quartus Prime Version 20.1.1 Build 720 11/11/2020 SJ Lite Edition


---------------------
; Table of Contents ;
---------------------
  1. Legal Notice
  2. Analysis & Elaboration Summary
  3. Parallel Compilation
  4. Parameter Settings for User Entity Instance: Top-level Entity: |alu_tb
  5. Parameter Settings for User Entity Instance: alu:uut
  6. Parameter Settings for User Entity Instance: alu:uut|CompAnd:inst_and
  7. Parameter Settings for User Entity Instance: alu:uut|CompXor:inst_xor
  8. Parameter Settings for User Entity Instance: alu:uut|CompOr:inst_or
  9. Analysis & Elaboration Settings
 10. Port Connectivity Checks: "alu:uut"
 11. Analysis & Elaboration Messages



----------------
; Legal Notice ;
----------------
Copyright (C) 2020  Intel Corporation. All rights reserved.
Your use of Intel Corporation's design tools, logic functions 
and other software and tools, and any partner logic 
functions, and any output files from any of the foregoing 
(including device programming or simulation files), and any 
associated documentation or information are expressly subject 
to the terms and conditions of the Intel Program License 
Subscription Agreement, the Intel Quartus Prime License Agreement,
the Intel FPGA IP License Agreement, or other applicable license
agreement, including, without limitation, that your use is for
the sole purpose of programming logic devices manufactured by
Intel and sold by Intel or its authorized distributors.  Please
refer to the applicable agreement for further details, at
https://fpgasoftware.intel.com/eula.



+-----------------------------------------------------------------------------+
; Analysis & Elaboration Summary                                              ;
+-------------------------------+---------------------------------------------+
; Analysis & Elaboration Status ; Successful - Tue Sep 12 00:39:59 2023       ;
; Quartus Prime Version         ; 20.1.1 Build 720 11/11/2020 SJ Lite Edition ;
; Revision Name                 ; alu                                         ;
; Top-level Entity Name         ; alu_tb                                      ;
; Family                        ; Cyclone V                                   ;
; Logic utilization (in ALMs)   ; N/A until Partition Merge                   ;
; Total registers               ; N/A until Partition Merge                   ;
; Total pins                    ; N/A until Partition Merge                   ;
; Total virtual pins            ; N/A until Partition Merge                   ;
; Total block memory bits       ; N/A until Partition Merge                   ;
; Total PLLs                    ; N/A until Partition Merge                   ;
; Total DLLs                    ; N/A until Partition Merge                   ;
+-------------------------------+---------------------------------------------+


+------------------------------------------+
; Parallel Compilation                     ;
+----------------------------+-------------+
; Processors                 ; Number      ;
+----------------------------+-------------+
; Number detected on machine ; 8           ;
; Maximum allowed            ; 4           ;
;                            ;             ;
; Average used               ; 1.00        ;
; Maximum used               ; 1           ;
;                            ;             ;
; Usage by Processor         ; % Time Used ;
;     Processor 1            ; 100.0%      ;
+----------------------------+-------------+


+------------------------------------------------------------------------+
; Parameter Settings for User Entity Instance: Top-level Entity: |alu_tb ;
+----------------+-------+-----------------------------------------------+
; Parameter Name ; Value ; Type                                          ;
+----------------+-------+-----------------------------------------------+
; N              ; 4     ; Signed Integer                                ;
+----------------+-------+-----------------------------------------------+
Note: In order to hide this table in the UI and the text report file, please set the "Show Parameter Settings in Synthesis Report" option in "Analysis and Synthesis Settings -> More Settings" to "Off".


+------------------------------------------------------+
; Parameter Settings for User Entity Instance: alu:uut ;
+----------------+-------+-----------------------------+
; Parameter Name ; Value ; Type                        ;
+----------------+-------+-----------------------------+
; N              ; 4     ; Signed Integer              ;
+----------------+-------+-----------------------------+
Note: In order to hide this table in the UI and the text report file, please set the "Show Parameter Settings in Synthesis Report" option in "Analysis and Synthesis Settings -> More Settings" to "Off".


+-----------------------------------------------------------------------+
; Parameter Settings for User Entity Instance: alu:uut|CompAnd:inst_and ;
+----------------+-------+----------------------------------------------+
; Parameter Name ; Value ; Type                                         ;
+----------------+-------+----------------------------------------------+
; N              ; 4     ; Signed Integer                               ;
+----------------+-------+----------------------------------------------+
Note: In order to hide this table in the UI and the text report file, please set the "Show Parameter Settings in Synthesis Report" option in "Analysis and Synthesis Settings -> More Settings" to "Off".


+-----------------------------------------------------------------------+
; Parameter Settings for User Entity Instance: alu:uut|CompXor:inst_xor ;
+----------------+-------+----------------------------------------------+
; Parameter Name ; Value ; Type                                         ;
+----------------+-------+----------------------------------------------+
; N              ; 4     ; Signed Integer                               ;
+----------------+-------+----------------------------------------------+
Note: In order to hide this table in the UI and the text report file, please set the "Show Parameter Settings in Synthesis Report" option in "Analysis and Synthesis Settings -> More Settings" to "Off".


+---------------------------------------------------------------------+
; Parameter Settings for User Entity Instance: alu:uut|CompOr:inst_or ;
+----------------+-------+--------------------------------------------+
; Parameter Name ; Value ; Type                                       ;
+----------------+-------+--------------------------------------------+
; N              ; 4     ; Signed Integer                             ;
+----------------+-------+--------------------------------------------+
Note: In order to hide this table in the UI and the text report file, please set the "Show Parameter Settings in Synthesis Report" option in "Analysis and Synthesis Settings -> More Settings" to "Off".


+---------------------------------------------------------------------------------------------------------------------------+
; Analysis & Elaboration Settings                                                                                           ;
+---------------------------------------------------------------------------------+--------------------+--------------------+
; Option                                                                          ; Setting            ; Default Value      ;
+---------------------------------------------------------------------------------+--------------------+--------------------+
; Device                                                                          ; 5CSEMA5F31C6       ;                    ;
; Top-level entity name                                                           ; alu_tb             ; alu                ;
; Family name                                                                     ; Cyclone V          ; Cyclone V          ;
; Use smart compilation                                                           ; Off                ; Off                ;
; Enable parallel Assembler and Timing Analyzer during compilation                ; On                 ; On                 ;
; Enable compact report table                                                     ; Off                ; Off                ;
; Restructure Multiplexers                                                        ; Auto               ; Auto               ;
; MLAB Add Timing Constraints For Mixed-Port Feed-Through Mode Setting Don't Care ; Off                ; Off                ;
; Create Debugging Nodes for IP Cores                                             ; Off                ; Off                ;
; Preserve fewer node names                                                       ; On                 ; On                 ;
; Intel FPGA IP Evaluation Mode                                                   ; Enable             ; Enable             ;
; Verilog Version                                                                 ; Verilog_2001       ; Verilog_2001       ;
; VHDL Version                                                                    ; VHDL_1993          ; VHDL_1993          ;
; State Machine Processing                                                        ; Auto               ; Auto               ;
; Safe State Machine                                                              ; Off                ; Off                ;
; Extract Verilog State Machines                                                  ; On                 ; On                 ;
; Extract VHDL State Machines                                                     ; On                 ; On                 ;
; Ignore Verilog initial constructs                                               ; Off                ; Off                ;
; Iteration limit for constant Verilog loops                                      ; 5000               ; 5000               ;
; Iteration limit for non-constant Verilog loops                                  ; 250                ; 250                ;
; Add Pass-Through Logic to Inferred RAMs                                         ; On                 ; On                 ;
; Infer RAMs from Raw Logic                                                       ; On                 ; On                 ;
; Parallel Synthesis                                                              ; On                 ; On                 ;
; DSP Block Balancing                                                             ; Auto               ; Auto               ;
; NOT Gate Push-Back                                                              ; On                 ; On                 ;
; Power-Up Don't Care                                                             ; On                 ; On                 ;
; Remove Redundant Logic Cells                                                    ; Off                ; Off                ;
; Remove Duplicate Registers                                                      ; On                 ; On                 ;
; Ignore CARRY Buffers                                                            ; Off                ; Off                ;
; Ignore CASCADE Buffers                                                          ; Off                ; Off                ;
; Ignore GLOBAL Buffers                                                           ; Off                ; Off                ;
; Ignore ROW GLOBAL Buffers                                                       ; Off                ; Off                ;
; Ignore LCELL Buffers                                                            ; Off                ; Off                ;
; Ignore SOFT Buffers                                                             ; On                 ; On                 ;
; Limit AHDL Integers to 32 Bits                                                  ; Off                ; Off                ;
; Optimization Technique                                                          ; Balanced           ; Balanced           ;
; Carry Chain Length                                                              ; 70                 ; 70                 ;
; Auto Carry Chains                                                               ; On                 ; On                 ;
; Auto Open-Drain Pins                                                            ; On                 ; On                 ;
; Perform WYSIWYG Primitive Resynthesis                                           ; Off                ; Off                ;
; Auto ROM Replacement                                                            ; On                 ; On                 ;
; Auto RAM Replacement                                                            ; On                 ; On                 ;
; Auto DSP Block Replacement                                                      ; On                 ; On                 ;
; Auto Shift Register Replacement                                                 ; Auto               ; Auto               ;
; Allow Shift Register Merging across Hierarchies                                 ; Auto               ; Auto               ;
; Auto Clock Enable Replacement                                                   ; On                 ; On                 ;
; Strict RAM Replacement                                                          ; Off                ; Off                ;
; Allow Synchronous Control Signals                                               ; On                 ; On                 ;
; Force Use of Synchronous Clear Signals                                          ; Off                ; Off                ;
; Auto Resource Sharing                                                           ; Off                ; Off                ;
; Allow Any RAM Size For Recognition                                              ; Off                ; Off                ;
; Allow Any ROM Size For Recognition                                              ; Off                ; Off                ;
; Allow Any Shift Register Size For Recognition                                   ; Off                ; Off                ;
; Use LogicLock Constraints during Resource Balancing                             ; On                 ; On                 ;
; Ignore translate_off and synthesis_off directives                               ; Off                ; Off                ;
; Timing-Driven Synthesis                                                         ; On                 ; On                 ;
; Report Parameter Settings                                                       ; On                 ; On                 ;
; Report Source Assignments                                                       ; On                 ; On                 ;
; Report Connectivity Checks                                                      ; On                 ; On                 ;
; Ignore Maximum Fan-Out Assignments                                              ; Off                ; Off                ;
; Synchronization Register Chain Length                                           ; 3                  ; 3                  ;
; Power Optimization During Synthesis                                             ; Normal compilation ; Normal compilation ;
; HDL message level                                                               ; Level2             ; Level2             ;
; Suppress Register Optimization Related Messages                                 ; Off                ; Off                ;
; Number of Removed Registers Reported in Synthesis Report                        ; 5000               ; 5000               ;
; Number of Swept Nodes Reported in Synthesis Report                              ; 5000               ; 5000               ;
; Number of Inverted Registers Reported in Synthesis Report                       ; 100                ; 100                ;
; Clock MUX Protection                                                            ; On                 ; On                 ;
; Auto Gated Clock Conversion                                                     ; Off                ; Off                ;
; Block Design Naming                                                             ; Auto               ; Auto               ;
; SDC constraint protection                                                       ; Off                ; Off                ;
; Synthesis Effort                                                                ; Auto               ; Auto               ;
; Shift Register Replacement - Allow Asynchronous Clear Signal                    ; On                 ; On                 ;
; Pre-Mapping Resynthesis Optimization                                            ; Off                ; Off                ;
; Analysis & Synthesis Message Level                                              ; Medium             ; Medium             ;
; Disable Register Merging Across Hierarchies                                     ; Auto               ; Auto               ;
; Resource Aware Inference For Block RAM                                          ; On                 ; On                 ;
; Automatic Parallel Synthesis                                                    ; On                 ; On                 ;
; Partial Reconfiguration Bitstream ID                                            ; Off                ; Off                ;
+---------------------------------------------------------------------------------+--------------------+--------------------+


+------------------------------------------------------------------------------------------------------------------+
; Port Connectivity Checks: "alu:uut"                                                                              ;
+--------+--------+----------+-------------------------------------------------------------------------------------+
; Port   ; Type   ; Severity ; Details                                                                             ;
+--------+--------+----------+-------------------------------------------------------------------------------------+
; OF     ; Output ; Info     ; Connected to dangling logic. Logic that only feeds a dangling port will be removed. ;
; carry  ; Output ; Info     ; Connected to dangling logic. Logic that only feeds a dangling port will be removed. ;
; cero   ; Output ; Info     ; Connected to dangling logic. Logic that only feeds a dangling port will be removed. ;
; neg    ; Output ; Info     ; Connected to dangling logic. Logic that only feeds a dangling port will be removed. ;
; result ; Output ; Info     ; Connected to dangling logic. Logic that only feeds a dangling port will be removed. ;
+--------+--------+----------+-------------------------------------------------------------------------------------+


+---------------------------------+
; Analysis & Elaboration Messages ;
+---------------------------------+
Info: *******************************************************************
Info: Running Quartus Prime Analysis & Elaboration
    Info: Version 20.1.1 Build 720 11/11/2020 SJ Lite Edition
    Info: Processing started: Tue Sep 12 00:39:50 2023
Info: Command: quartus_map --read_settings_files=on --write_settings_files=off alu -c alu --analysis_and_elaboration
Warning (18236): Number of processors has not been specified which may cause overloading on shared machines.  Set the global assignment NUM_PARALLEL_PROCESSORS in your QSF to an appropriate value for best performance.
Info (20030): Parallel compilation is enabled and will use 4 of the 4 processors detected
Info (12021): Found 1 design units, including 1 entities, in source file alu_tb.sv
    Info (12023): Found entity 1: alu_tb File: C:/Users/sebas/Desktop/Taller/squesada_ylopez_gchacon_digital_design_lab_2023/Laboratorio_3/ALU/alu_tb.sv Line: 1
Info (12021): Found 1 design units, including 1 entities, in source file allshifts.v
    Info (12023): Found entity 1: Shifts File: C:/Users/sebas/Desktop/Taller/squesada_ylopez_gchacon_digital_design_lab_2023/Laboratorio_3/ALU/allShifts.v Line: 1
Info (12021): Found 1 design units, including 1 entities, in source file fulladder.sv
    Info (12023): Found entity 1: FullAdder File: C:/Users/sebas/Desktop/Taller/squesada_ylopez_gchacon_digital_design_lab_2023/Laboratorio_3/ALU/FullAdder.sv Line: 1
Info (12021): Found 1 design units, including 1 entities, in source file nbitadder.sv
    Info (12023): Found entity 1: NBitAdder File: C:/Users/sebas/Desktop/Taller/squesada_ylopez_gchacon_digital_design_lab_2023/Laboratorio_3/ALU/NBitAdder.sv Line: 1
Warning (12019): Can't analyze file -- file suma.sv is missing
Info (12021): Found 1 design units, including 1 entities, in source file compand.sv
    Info (12023): Found entity 1: CompAnd File: C:/Users/sebas/Desktop/Taller/squesada_ylopez_gchacon_digital_design_lab_2023/Laboratorio_3/ALU/CompAnd.sv Line: 1
Info (12021): Found 1 design units, including 1 entities, in source file compxor.sv
    Info (12023): Found entity 1: CompXor File: C:/Users/sebas/Desktop/Taller/squesada_ylopez_gchacon_digital_design_lab_2023/Laboratorio_3/ALU/CompXor.sv Line: 1
Info (12021): Found 1 design units, including 1 entities, in source file compor.sv
    Info (12023): Found entity 1: CompOr File: C:/Users/sebas/Desktop/Taller/squesada_ylopez_gchacon_digital_design_lab_2023/Laboratorio_3/ALU/CompOr.sv Line: 1
Info (12021): Found 1 design units, including 1 entities, in source file shiftleft.sv
    Info (12023): Found entity 1: ShiftLeft File: C:/Users/sebas/Desktop/Taller/squesada_ylopez_gchacon_digital_design_lab_2023/Laboratorio_3/ALU/ShiftLeft.sv Line: 2
Info (12021): Found 1 design units, including 1 entities, in source file shiftright.sv
    Info (12023): Found entity 1: ShiftRight File: C:/Users/sebas/Desktop/Taller/squesada_ylopez_gchacon_digital_design_lab_2023/Laboratorio_3/ALU/ShiftRight.sv Line: 1
Info (12021): Found 1 design units, including 1 entities, in source file mult.sv
    Info (12023): Found entity 1: mult File: C:/Users/sebas/Desktop/Taller/squesada_ylopez_gchacon_digital_design_lab_2023/Laboratorio_3/ALU/mult.sv Line: 1
Info (12021): Found 1 design units, including 1 entities, in source file div.sv
    Info (12023): Found entity 1: div File: C:/Users/sebas/Desktop/Taller/squesada_ylopez_gchacon_digital_design_lab_2023/Laboratorio_3/ALU/div.sv Line: 1
Info (12021): Found 1 design units, including 1 entities, in source file mod.sv
    Info (12023): Found entity 1: mod File: C:/Users/sebas/Desktop/Taller/squesada_ylopez_gchacon_digital_design_lab_2023/Laboratorio_3/ALU/mod.sv Line: 1
Info (12021): Found 1 design units, including 1 entities, in source file resta.sv
    Info (12023): Found entity 1: resta File: C:/Users/sebas/Desktop/Taller/squesada_ylopez_gchacon_digital_design_lab_2023/Laboratorio_3/ALU/resta.sv Line: 1
Info (12021): Found 1 design units, including 1 entities, in source file alu.sv
    Info (12023): Found entity 1: alu File: C:/Users/sebas/Desktop/Taller/squesada_ylopez_gchacon_digital_design_lab_2023/Laboratorio_3/ALU/alu.sv Line: 1
Info (12127): Elaborating entity "alu_tb" for the top level hierarchy
Warning (10036): Verilog HDL or VHDL warning at alu_tb.sv(28): object "delay" assigned a value but never read File: C:/Users/sebas/Desktop/Taller/squesada_ylopez_gchacon_digital_design_lab_2023/Laboratorio_3/ALU/alu_tb.sv Line: 28
Info (12128): Elaborating entity "alu" for hierarchy "alu:uut" File: C:/Users/sebas/Desktop/Taller/squesada_ylopez_gchacon_digital_design_lab_2023/Laboratorio_3/ALU/alu_tb.sv Line: 24
Warning (10034): Output port "OF" at alu.sv(1) has no driver File: C:/Users/sebas/Desktop/Taller/squesada_ylopez_gchacon_digital_design_lab_2023/Laboratorio_3/ALU/alu.sv Line: 1
Warning (10034): Output port "carry" at alu.sv(1) has no driver File: C:/Users/sebas/Desktop/Taller/squesada_ylopez_gchacon_digital_design_lab_2023/Laboratorio_3/ALU/alu.sv Line: 1
Warning (10034): Output port "cero" at alu.sv(1) has no driver File: C:/Users/sebas/Desktop/Taller/squesada_ylopez_gchacon_digital_design_lab_2023/Laboratorio_3/ALU/alu.sv Line: 1
Warning (10034): Output port "neg" at alu.sv(1) has no driver File: C:/Users/sebas/Desktop/Taller/squesada_ylopez_gchacon_digital_design_lab_2023/Laboratorio_3/ALU/alu.sv Line: 1
Info (12128): Elaborating entity "CompAnd" for hierarchy "alu:uut|CompAnd:inst_and" File: C:/Users/sebas/Desktop/Taller/squesada_ylopez_gchacon_digital_design_lab_2023/Laboratorio_3/ALU/alu.sv Line: 9
Info (12128): Elaborating entity "CompXor" for hierarchy "alu:uut|CompXor:inst_xor" File: C:/Users/sebas/Desktop/Taller/squesada_ylopez_gchacon_digital_design_lab_2023/Laboratorio_3/ALU/alu.sv Line: 10
Info (12128): Elaborating entity "CompOr" for hierarchy "alu:uut|CompOr:inst_or" File: C:/Users/sebas/Desktop/Taller/squesada_ylopez_gchacon_digital_design_lab_2023/Laboratorio_3/ALU/alu.sv Line: 11
Info: Quartus Prime Analysis & Elaboration was successful. 0 errors, 7 warnings
    Info: Peak virtual memory: 4765 megabytes
    Info: Processing ended: Tue Sep 12 00:39:59 2023
    Info: Elapsed time: 00:00:09
    Info: Total CPU time (on all processors): 00:00:21


