Analysis & Elaboration report for Buscaminas
Mon Oct 16 00:08:31 2023
Quartus Prime Version 20.1.0 Build 711 06/05/2020 SJ Lite Edition


---------------------
; Table of Contents ;
---------------------
  1. Legal Notice
  2. Analysis & Elaboration Summary
  3. Parallel Compilation
  4. Analysis & Elaboration Settings
  5. Analysis & Elaboration Messages
  6. Analysis & Elaboration Suppressed Messages



----------------
; Legal Notice ;
----------------
Copyright (C) 2020  Intel Corporation. All rights reserved.
Your use of Intel Corporation's design tools, logic functions 
and other software and tools, and any partner logic 
functions, and any output files from any of the foregoing 
(including device programming or simulation files), and any 
associated documentation or information are expressly subject 
to the terms and conditions of the Intel Program License 
Subscription Agreement, the Intel Quartus Prime License Agreement,
the Intel FPGA IP License Agreement, or other applicable license
agreement, including, without limitation, that your use is for
the sole purpose of programming logic devices manufactured by
Intel and sold by Intel or its authorized distributors.  Please
refer to the applicable agreement for further details, at
https://fpgasoftware.intel.com/eula.



+-----------------------------------------------------------------------------+
; Analysis & Elaboration Summary                                              ;
+-------------------------------+---------------------------------------------+
; Analysis & Elaboration Status ; Successful - Mon Oct 16 00:08:31 2023       ;
; Quartus Prime Version         ; 20.1.0 Build 711 06/05/2020 SJ Lite Edition ;
; Revision Name                 ; Buscaminas                                  ;
; Top-level Entity Name         ; select_flag                                 ;
; Family                        ; Cyclone V                                   ;
; Logic utilization (in ALMs)   ; N/A until Partition Merge                   ;
; Total registers               ; N/A until Partition Merge                   ;
; Total pins                    ; N/A until Partition Merge                   ;
; Total virtual pins            ; N/A until Partition Merge                   ;
; Total block memory bits       ; N/A until Partition Merge                   ;
; Total PLLs                    ; N/A until Partition Merge                   ;
; Total DLLs                    ; N/A until Partition Merge                   ;
+-------------------------------+---------------------------------------------+


+------------------------------------------+
; Parallel Compilation                     ;
+----------------------------+-------------+
; Processors                 ; Number      ;
+----------------------------+-------------+
; Number detected on machine ; 8           ;
; Maximum allowed            ; 4           ;
;                            ;             ;
; Average used               ; 1.00        ;
; Maximum used               ; 1           ;
;                            ;             ;
; Usage by Processor         ; % Time Used ;
;     Processor 1            ; 100.0%      ;
+----------------------------+-------------+


+---------------------------------------------------------------------------------------------------------------------------+
; Analysis & Elaboration Settings                                                                                           ;
+---------------------------------------------------------------------------------+--------------------+--------------------+
; Option                                                                          ; Setting            ; Default Value      ;
+---------------------------------------------------------------------------------+--------------------+--------------------+
; Device                                                                          ; 5CSEMA5F31C6       ;                    ;
; Top-level entity name                                                           ; select_flag        ; Buscaminas         ;
; Family name                                                                     ; Cyclone V          ; Cyclone V          ;
; Use smart compilation                                                           ; Off                ; Off                ;
; Enable parallel Assembler and Timing Analyzer during compilation                ; On                 ; On                 ;
; Enable compact report table                                                     ; Off                ; Off                ;
; Restructure Multiplexers                                                        ; Auto               ; Auto               ;
; MLAB Add Timing Constraints For Mixed-Port Feed-Through Mode Setting Don't Care ; Off                ; Off                ;
; Create Debugging Nodes for IP Cores                                             ; Off                ; Off                ;
; Preserve fewer node names                                                       ; On                 ; On                 ;
; Intel FPGA IP Evaluation Mode                                                   ; Enable             ; Enable             ;
; Verilog Version                                                                 ; Verilog_2001       ; Verilog_2001       ;
; VHDL Version                                                                    ; VHDL_1993          ; VHDL_1993          ;
; State Machine Processing                                                        ; Auto               ; Auto               ;
; Safe State Machine                                                              ; Off                ; Off                ;
; Extract Verilog State Machines                                                  ; On                 ; On                 ;
; Extract VHDL State Machines                                                     ; On                 ; On                 ;
; Ignore Verilog initial constructs                                               ; Off                ; Off                ;
; Iteration limit for constant Verilog loops                                      ; 5000               ; 5000               ;
; Iteration limit for non-constant Verilog loops                                  ; 250                ; 250                ;
; Add Pass-Through Logic to Inferred RAMs                                         ; On                 ; On                 ;
; Infer RAMs from Raw Logic                                                       ; On                 ; On                 ;
; Parallel Synthesis                                                              ; On                 ; On                 ;
; DSP Block Balancing                                                             ; Auto               ; Auto               ;
; NOT Gate Push-Back                                                              ; On                 ; On                 ;
; Power-Up Don't Care                                                             ; On                 ; On                 ;
; Remove Redundant Logic Cells                                                    ; Off                ; Off                ;
; Remove Duplicate Registers                                                      ; On                 ; On                 ;
; Ignore CARRY Buffers                                                            ; Off                ; Off                ;
; Ignore CASCADE Buffers                                                          ; Off                ; Off                ;
; Ignore GLOBAL Buffers                                                           ; Off                ; Off                ;
; Ignore ROW GLOBAL Buffers                                                       ; Off                ; Off                ;
; Ignore LCELL Buffers                                                            ; Off                ; Off                ;
; Ignore SOFT Buffers                                                             ; On                 ; On                 ;
; Limit AHDL Integers to 32 Bits                                                  ; Off                ; Off                ;
; Optimization Technique                                                          ; Balanced           ; Balanced           ;
; Carry Chain Length                                                              ; 70                 ; 70                 ;
; Auto Carry Chains                                                               ; On                 ; On                 ;
; Auto Open-Drain Pins                                                            ; On                 ; On                 ;
; Perform WYSIWYG Primitive Resynthesis                                           ; Off                ; Off                ;
; Auto ROM Replacement                                                            ; On                 ; On                 ;
; Auto RAM Replacement                                                            ; On                 ; On                 ;
; Auto DSP Block Replacement                                                      ; On                 ; On                 ;
; Auto Shift Register Replacement                                                 ; Auto               ; Auto               ;
; Allow Shift Register Merging across Hierarchies                                 ; Auto               ; Auto               ;
; Auto Clock Enable Replacement                                                   ; On                 ; On                 ;
; Strict RAM Replacement                                                          ; Off                ; Off                ;
; Allow Synchronous Control Signals                                               ; On                 ; On                 ;
; Force Use of Synchronous Clear Signals                                          ; Off                ; Off                ;
; Auto Resource Sharing                                                           ; Off                ; Off                ;
; Allow Any RAM Size For Recognition                                              ; Off                ; Off                ;
; Allow Any ROM Size For Recognition                                              ; Off                ; Off                ;
; Allow Any Shift Register Size For Recognition                                   ; Off                ; Off                ;
; Use LogicLock Constraints during Resource Balancing                             ; On                 ; On                 ;
; Ignore translate_off and synthesis_off directives                               ; Off                ; Off                ;
; Timing-Driven Synthesis                                                         ; On                 ; On                 ;
; Report Parameter Settings                                                       ; On                 ; On                 ;
; Report Source Assignments                                                       ; On                 ; On                 ;
; Report Connectivity Checks                                                      ; On                 ; On                 ;
; Ignore Maximum Fan-Out Assignments                                              ; Off                ; Off                ;
; Synchronization Register Chain Length                                           ; 3                  ; 3                  ;
; Power Optimization During Synthesis                                             ; Normal compilation ; Normal compilation ;
; HDL message level                                                               ; Level2             ; Level2             ;
; Suppress Register Optimization Related Messages                                 ; Off                ; Off                ;
; Number of Removed Registers Reported in Synthesis Report                        ; 5000               ; 5000               ;
; Number of Swept Nodes Reported in Synthesis Report                              ; 5000               ; 5000               ;
; Number of Inverted Registers Reported in Synthesis Report                       ; 100                ; 100                ;
; Clock MUX Protection                                                            ; On                 ; On                 ;
; Auto Gated Clock Conversion                                                     ; Off                ; Off                ;
; Block Design Naming                                                             ; Auto               ; Auto               ;
; SDC constraint protection                                                       ; Off                ; Off                ;
; Synthesis Effort                                                                ; Auto               ; Auto               ;
; Shift Register Replacement - Allow Asynchronous Clear Signal                    ; On                 ; On                 ;
; Pre-Mapping Resynthesis Optimization                                            ; Off                ; Off                ;
; Analysis & Synthesis Message Level                                              ; Medium             ; Medium             ;
; Disable Register Merging Across Hierarchies                                     ; Auto               ; Auto               ;
; Resource Aware Inference For Block RAM                                          ; On                 ; On                 ;
; Automatic Parallel Synthesis                                                    ; On                 ; On                 ;
; Partial Reconfiguration Bitstream ID                                            ; Off                ; Off                ;
+---------------------------------------------------------------------------------+--------------------+--------------------+


+---------------------------------+
; Analysis & Elaboration Messages ;
+---------------------------------+
Info: *******************************************************************
Info: Running Quartus Prime Analysis & Elaboration
    Info: Version 20.1.0 Build 711 06/05/2020 SJ Lite Edition
    Info: Processing started: Mon Oct 16 00:08:23 2023
Info: Command: quartus_map --read_settings_files=on --write_settings_files=off Buscaminas -c Buscaminas --analysis_and_elaboration
Warning (18236): Number of processors has not been specified which may cause overloading on shared machines.  Set the global assignment NUM_PARALLEL_PROCESSORS in your QSF to an appropriate value for best performance.
Info (20030): Parallel compilation is enabled and will use 4 of the 4 processors detected
Info (12021): Found 1 design units, including 1 entities, in source file add_random.sv
    Info (12023): Found entity 1: add_random File: C:/Users/maxga/OneDrive/Documentos/TDD_Labs/squesada_ylopez_mgarro_digital_design_lab_2023/Laboratorio_4/Buscaminas/add_random.sv Line: 1
Info (12021): Found 1 design units, including 1 entities, in source file add_random_tb.sv
    Info (12023): Found entity 1: add_random_tb File: C:/Users/maxga/OneDrive/Documentos/TDD_Labs/squesada_ylopez_mgarro_digital_design_lab_2023/Laboratorio_4/Buscaminas/add_random_tb.sv Line: 1
Info (12021): Found 1 design units, including 1 entities, in source file bin_to_decimal.sv
    Info (12023): Found entity 1: bin_to_decimal File: C:/Users/maxga/OneDrive/Documentos/TDD_Labs/squesada_ylopez_mgarro_digital_design_lab_2023/Laboratorio_4/Buscaminas/bin_to_decimal.sv Line: 1
Info (12021): Found 1 design units, including 1 entities, in source file lab4_fsm.sv
    Info (12023): Found entity 1: Lab4_FSM File: C:/Users/maxga/OneDrive/Documentos/TDD_Labs/squesada_ylopez_mgarro_digital_design_lab_2023/Laboratorio_4/Buscaminas/Lab4_FSM.sv Line: 1
Info (12021): Found 1 design units, including 1 entities, in source file matriz.sv
    Info (12023): Found entity 1: matriz File: C:/Users/maxga/OneDrive/Documentos/TDD_Labs/squesada_ylopez_mgarro_digital_design_lab_2023/Laboratorio_4/Buscaminas/matriz.sv Line: 1
Info (12021): Found 1 design units, including 1 entities, in source file matriz_tb.sv
    Info (12023): Found entity 1: matriz_tb File: C:/Users/maxga/OneDrive/Documentos/TDD_Labs/squesada_ylopez_mgarro_digital_design_lab_2023/Laboratorio_4/Buscaminas/matriz_tb.sv Line: 1
Info (12021): Found 2 design units, including 2 entities, in source file lab4_fsm_tb.sv
    Info (12023): Found entity 1: Lab4_FSM_tb File: C:/Users/maxga/OneDrive/Documentos/TDD_Labs/squesada_ylopez_mgarro_digital_design_lab_2023/Laboratorio_4/Buscaminas/Lab4_FSM_tb.sv Line: 1
    Info (12023): Found entity 2: top File: C:/Users/maxga/OneDrive/Documentos/TDD_Labs/squesada_ylopez_mgarro_digital_design_lab_2023/Laboratorio_4/Buscaminas/Lab4_FSM_tb.sv Line: 56
Info (12021): Found 1 design units, including 1 entities, in source file moversematriz.sv
    Info (12023): Found entity 1: MoverseMatriz File: C:/Users/maxga/OneDrive/Documentos/TDD_Labs/squesada_ylopez_mgarro_digital_design_lab_2023/Laboratorio_4/Buscaminas/MoverseMatriz.sv Line: 1
Info (12021): Found 1 design units, including 1 entities, in source file vga.sv
    Info (12023): Found entity 1: vga File: C:/Users/maxga/OneDrive/Documentos/TDD_Labs/squesada_ylopez_mgarro_digital_design_lab_2023/Laboratorio_4/Buscaminas/vga.sv Line: 1
Info (12021): Found 1 design units, including 1 entities, in source file divisorcontadores.sv
    Info (12023): Found entity 1: divisorContadores File: C:/Users/maxga/OneDrive/Documentos/TDD_Labs/squesada_ylopez_mgarro_digital_design_lab_2023/Laboratorio_4/Buscaminas/divisorContadores.sv Line: 1
Info (12021): Found 1 design units, including 1 entities, in source file controladorvga.sv
    Info (12023): Found entity 1: controladorVGA File: C:/Users/maxga/OneDrive/Documentos/TDD_Labs/squesada_ylopez_mgarro_digital_design_lab_2023/Laboratorio_4/Buscaminas/controladorVGA.sv Line: 1
Info (12021): Found 1 design units, including 1 entities, in source file contadorxy.sv
    Info (12023): Found entity 1: contadorXY File: C:/Users/maxga/OneDrive/Documentos/TDD_Labs/squesada_ylopez_mgarro_digital_design_lab_2023/Laboratorio_4/Buscaminas/contadorXY.sv Line: 2
Info (12021): Found 1 design units, including 1 entities, in source file movement_controller.sv
    Info (12023): Found entity 1: movement_controller File: C:/Users/maxga/OneDrive/Documentos/TDD_Labs/squesada_ylopez_mgarro_digital_design_lab_2023/Laboratorio_4/Buscaminas/movement_controller.sv Line: 1
Info (12021): Found 1 design units, including 1 entities, in source file win_state.sv
    Info (12023): Found entity 1: win_state File: C:/Users/maxga/OneDrive/Documentos/TDD_Labs/squesada_ylopez_mgarro_digital_design_lab_2023/Laboratorio_4/Buscaminas/win_state.sv Line: 1
Info (12021): Found 1 design units, including 1 entities, in source file game_over_state.sv
    Info (12023): Found entity 1: game_over_state File: C:/Users/maxga/OneDrive/Documentos/TDD_Labs/squesada_ylopez_mgarro_digital_design_lab_2023/Laboratorio_4/Buscaminas/game_over_state.sv Line: 1
Info (12021): Found 1 design units, including 1 entities, in source file minesweeper.sv
    Info (12023): Found entity 1: minesweeper File: C:/Users/maxga/OneDrive/Documentos/TDD_Labs/squesada_ylopez_mgarro_digital_design_lab_2023/Laboratorio_4/Buscaminas/minesweeper.sv Line: 1
Info (12021): Found 1 design units, including 1 entities, in source file select_casillas.sv
    Info (12023): Found entity 1: select_casillas File: C:/Users/maxga/OneDrive/Documentos/TDD_Labs/squesada_ylopez_mgarro_digital_design_lab_2023/Laboratorio_4/Buscaminas/select_casillas.sv Line: 1
Info (12021): Found 1 design units, including 1 entities, in source file select_flag.sv
    Info (12023): Found entity 1: select_flag File: C:/Users/maxga/OneDrive/Documentos/TDD_Labs/squesada_ylopez_mgarro_digital_design_lab_2023/Laboratorio_4/Buscaminas/select_flag.sv Line: 1
Info (12127): Elaborating entity "select_flag" for the top level hierarchy
Warning (10235): Verilog HDL Always Construct warning at select_flag.sv(15): variable "reset" is read inside the Always Construct but isn't in the Always Construct's Event Control File: C:/Users/maxga/OneDrive/Documentos/TDD_Labs/squesada_ylopez_mgarro_digital_design_lab_2023/Laboratorio_4/Buscaminas/select_flag.sv Line: 15
Warning (10235): Verilog HDL Always Construct warning at select_flag.sv(20): variable "x" is read inside the Always Construct but isn't in the Always Construct's Event Control File: C:/Users/maxga/OneDrive/Documentos/TDD_Labs/squesada_ylopez_mgarro_digital_design_lab_2023/Laboratorio_4/Buscaminas/select_flag.sv Line: 20
Warning (10235): Verilog HDL Always Construct warning at select_flag.sv(21): variable "y" is read inside the Always Construct but isn't in the Always Construct's Event Control File: C:/Users/maxga/OneDrive/Documentos/TDD_Labs/squesada_ylopez_mgarro_digital_design_lab_2023/Laboratorio_4/Buscaminas/select_flag.sv Line: 21
Warning (10240): Verilog HDL Always Construct warning at select_flag.sv(14): inferring latch(es) for variable "casilla_x", which holds its previous value in one or more paths through the always construct File: C:/Users/maxga/OneDrive/Documentos/TDD_Labs/squesada_ylopez_mgarro_digital_design_lab_2023/Laboratorio_4/Buscaminas/select_flag.sv Line: 14
Warning (10240): Verilog HDL Always Construct warning at select_flag.sv(14): inferring latch(es) for variable "casilla_y", which holds its previous value in one or more paths through the always construct File: C:/Users/maxga/OneDrive/Documentos/TDD_Labs/squesada_ylopez_mgarro_digital_design_lab_2023/Laboratorio_4/Buscaminas/select_flag.sv Line: 14
Info (10041): Inferred latch for "casilla_y[0]" at select_flag.sv(19) File: C:/Users/maxga/OneDrive/Documentos/TDD_Labs/squesada_ylopez_mgarro_digital_design_lab_2023/Laboratorio_4/Buscaminas/select_flag.sv Line: 19
Info (10041): Inferred latch for "casilla_y[1]" at select_flag.sv(19) File: C:/Users/maxga/OneDrive/Documentos/TDD_Labs/squesada_ylopez_mgarro_digital_design_lab_2023/Laboratorio_4/Buscaminas/select_flag.sv Line: 19
Info (10041): Inferred latch for "casilla_y[2]" at select_flag.sv(19) File: C:/Users/maxga/OneDrive/Documentos/TDD_Labs/squesada_ylopez_mgarro_digital_design_lab_2023/Laboratorio_4/Buscaminas/select_flag.sv Line: 19
Info (10041): Inferred latch for "casilla_y[3]" at select_flag.sv(19) File: C:/Users/maxga/OneDrive/Documentos/TDD_Labs/squesada_ylopez_mgarro_digital_design_lab_2023/Laboratorio_4/Buscaminas/select_flag.sv Line: 19
Info (10041): Inferred latch for "casilla_x[0]" at select_flag.sv(19) File: C:/Users/maxga/OneDrive/Documentos/TDD_Labs/squesada_ylopez_mgarro_digital_design_lab_2023/Laboratorio_4/Buscaminas/select_flag.sv Line: 19
Info (10041): Inferred latch for "casilla_x[1]" at select_flag.sv(19) File: C:/Users/maxga/OneDrive/Documentos/TDD_Labs/squesada_ylopez_mgarro_digital_design_lab_2023/Laboratorio_4/Buscaminas/select_flag.sv Line: 19
Info (10041): Inferred latch for "casilla_x[2]" at select_flag.sv(19) File: C:/Users/maxga/OneDrive/Documentos/TDD_Labs/squesada_ylopez_mgarro_digital_design_lab_2023/Laboratorio_4/Buscaminas/select_flag.sv Line: 19
Info (10041): Inferred latch for "casilla_x[3]" at select_flag.sv(19) File: C:/Users/maxga/OneDrive/Documentos/TDD_Labs/squesada_ylopez_mgarro_digital_design_lab_2023/Laboratorio_4/Buscaminas/select_flag.sv Line: 19
Info (144001): Generated suppressed messages file C:/Users/maxga/OneDrive/Documentos/TDD_Labs/squesada_ylopez_mgarro_digital_design_lab_2023/Laboratorio_4/Buscaminas/output_files/Buscaminas.map.smsg
Info: Quartus Prime Analysis & Elaboration was successful. 0 errors, 6 warnings
    Info: Peak virtual memory: 4765 megabytes
    Info: Processing ended: Mon Oct 16 00:08:31 2023
    Info: Elapsed time: 00:00:08
    Info: Total CPU time (on all processors): 00:00:20


+--------------------------------------------+
; Analysis & Elaboration Suppressed Messages ;
+--------------------------------------------+
The suppressed messages can be found in C:/Users/maxga/OneDrive/Documentos/TDD_Labs/squesada_ylopez_mgarro_digital_design_lab_2023/Laboratorio_4/Buscaminas/output_files/Buscaminas.map.smsg.


